<?xml version="1.0" encoding="UTF-8"?>
<!-- Generated by org.testng.reporters.JUnitXMLReporter -->
<testsuite ignored="0" hostname="QT-INBG-LT1615" failures="0" tests="5" name="Default test" time="6.54" errors="0" timestamp="2022-09-19T12:37:52 IST">
  <testcase classname="Signin" name="launchBrowser" time="2.02"/>
  <testcase classname="Signin" name="signIn" time="1.161"/>
  <testcase classname="Signin" name="userName" time="1.068"/>
  <testcase classname="Signin" name="enterPassword" time="1.087"/>
  <testcase classname="Signin" name="login" time="1.161"/>
</testsuite> <!-- Default test -->
