<?xml version="1.0" encoding="UTF-8"?>
<!-- Generated by org.testng.reporters.JUnitXMLReporter -->
<testsuite ignored="0" hostname="QT-INBG-LT1615" failures="0" tests="25" name="Test" time="36.8" errors="0" timestamp="2022-09-19T09:19:58 IST">
  <testcase classname="Signin" name="launchBrowser" time="2.535"/>
  <testcase classname="Signin" name="signIn" time="1.462"/>
  <testcase classname="Signin" name="userName" time="1.095"/>
  <testcase classname="Signin" name="enterPassword" time="1.088"/>
  <testcase classname="Signin" name="login" time="1.181"/>
  <testcase classname="Signup" name="launchBrowser" time="2.981"/>
  <testcase classname="Signup" name="clickOnSignUp" time="2.542"/>
  <testcase classname="Signup" name="enterFirstName" time="1.136"/>
  <testcase classname="Signup" name="enterLastName" time="1.125"/>
  <testcase classname="Signup" name="enterMail" time="1.099"/>
  <testcase classname="Signup" name="enterPassword" time="1.098"/>
  <testcase classname="Signup" name="enterDOB" time="1.1"/>
  <testcase classname="Signup" name="selectGender" time="1.082"/>
  <testcase classname="Signup" name="enterPhoneNumber" time="1.115"/>
  <testcase classname="Signup" name="clickOnRegister" time="1.229"/>
  <testcase classname="Signup" name="clickOnSignIn" time="2.451"/>
  <testcase classname="AllMobiles" name="launchBrowser" time="2.333"/>
  <testcase classname="AllMobiles" name="allMobiles" time="0.476"/>
  <testcase classname="AllMobiles" name="searchLenovo" time="1.21"/>
  <testcase classname="AllMobiles" name="searchSamsung" time="1.165"/>
  <testcase classname="AllMobiles" name="wrongApple" time="1.15"/>
  <testcase classname="AllMobiles" name="wrongSamsung" time="1.111"/>
  <testcase classname="AllMobiles" name="twoCharacter" time="1.159"/>
  <testcase classname="AllMobiles" name="InvalidMob" time="1.123"/>
  <testcase classname="AllMobiles" name="order" time="2.622"/>
</testsuite> <!-- Test -->
